2021-10-05 17:29:47 [32mINFO [0m Initial[0m
2021-10-05 17:29:47 [33mWARNI[0m Create Class Path: ./dataset/usb/good[0m
2021-10-05 17:29:47 [33mWARNI[0m Create Class Path: ./dataset/usb/defect[0m
2021-10-05 17:29:47 [33mWARNI[0m Create Class Path: ./dataset/usb/other[0m
2021-10-05 17:30:51 [33mWARNI[0m QUIT[0m
2021-10-05 17:32:14 [32mINFO [0m Initial[0m
2021-10-05 17:33:09 [33mWARNI[0m QUIT[0m
2021-10-05 17:34:04 [32mINFO [0m Initial[0m
2021-10-05 17:34:04 [33mWARNI[0m Create Class Path: ./dataset/mix/max[0m
2021-10-05 17:34:04 [33mWARNI[0m Create Class Path: ./dataset/mix/usb[0m
2021-10-05 17:34:04 [33mWARNI[0m Create Class Path: ./dataset/mix/other[0m
2021-10-05 17:37:51 [33mWARNI[0m QUIT[0m
2021-10-19 07:31:23 [32mINFO [0m Initial[0m
2021-10-19 07:31:23 [33mWARNI[0m Create Class Path: ./dataset/identify_max/max[0m
2021-10-19 07:31:23 [33mWARNI[0m Create Class Path: ./dataset/identify_max/other[0m
2021-10-19 07:34:08 [33mWARNI[0m QUIT[0m
2021-10-19 07:44:59 [32mINFO [0m Initial[0m
2021-10-19 07:44:59 [33mWARNI[0m Create Class Path: ./dataset/mask-detected/mask[0m
2021-10-19 07:44:59 [33mWARNI[0m Create Class Path: ./dataset/mask-detected/non-mask[0m
2021-10-19 07:46:07 [33mWARNI[0m QUIT[0m
2021-10-19 07:46:11 [32mINFO [0m Initial[0m
2021-10-19 07:47:49 [33mWARNI[0m QUIT[0m
2021-10-19 07:48:29 [32mINFO [0m Initial[0m
2021-10-19 07:48:29 [33mWARNI[0m Create Class Path: ./dataset/glasses-detected/glasses[0m
2021-10-19 07:48:29 [33mWARNI[0m Create Class Path: ./dataset/glasses-detected/non-glasses[0m
2021-10-19 07:49:51 [33mWARNI[0m QUIT[0m
2021-10-20 08:47:13 [32mINFO [0m Initial[0m
2021-10-20 08:50:14 [33mWARNI[0m QUIT[0m
